Statistical profiling result from cpuprof/divis35/v8.01.log, (3157 ticks, 0 unaccounted, 0 excluded).

 [Shared libraries]:
   ticks  total  nonlib   name
      2    0.1%    0.0%  /usr/lib/system/libsystem_c.dylib

 [JavaScript]:
   ticks  total  nonlib   name
   1319   41.8%   41.8%  LazyCompile: *multiplesOf3and5 cpuprof/divis35/v01.js:1
      2    0.1%    0.1%  LazyCompile: ~multiplesOf3and5 cpuprof/divis35/v01.js:1

 [C++]:
   ticks  total  nonlib   name
    853   27.0%   27.0%  start
    819   25.9%   26.0%  _bcopy
    151    4.8%    4.8%  _mach_port_allocate
      3    0.1%    0.1%  _open_dprotected_np
      3    0.1%    0.1%  _makecontext
      2    0.1%    0.1%  mcount
      1    0.0%    0.0%  _vfprintf_l
      1    0.0%    0.0%  _create_scalable_zone
      1    0.0%    0.0%  ___fork

 [GC]:
   ticks  total  nonlib   name
    685   21.7%

 [Bottom up (heavy) profile]:
  Note: percentage shows a share of a particular caller in the total
  amount of its parent calls.
  Callers occupying less than 2.0% are not shown.

   ticks parent  name
   1319   41.8%  LazyCompile: *multiplesOf3and5 cpuprof/divis35/v01.js:1
   1319  100.0%    Script: ~cpuprof/divis35/v01.js

    853   27.0%  start
    322   37.7%    LazyCompile: *multiplesOf3and5 cpuprof/divis35/v01.js:1
    322  100.0%      Script: ~cpuprof/divis35/v01.js

    819   25.9%  _bcopy
    819  100.0%    LazyCompile: *multiplesOf3and5 cpuprof/divis35/v01.js:1
    819  100.0%      Script: ~cpuprof/divis35/v01.js

    151    4.8%  _mach_port_allocate

